Determining if the pthread_create exist failed with the following output:
Change Dir: /home/marrascout/libsnark/libsnark/build/CMakeFiles/CMakeTmp

Run Build Command:"/usr/bin/make" "cmTC_48f08/fast"
/usr/bin/make -f CMakeFiles/cmTC_48f08.dir/build.make CMakeFiles/cmTC_48f08.dir/build
make[1]: Entering directory '/home/marrascout/libsnark/libsnark/build/CMakeFiles/CMakeTmp'
Building C object CMakeFiles/cmTC_48f08.dir/CheckSymbolExists.c.o
/usr/bin/cc    -o CMakeFiles/cmTC_48f08.dir/CheckSymbolExists.c.o   -c /home/marrascout/libsnark/libsnark/build/CMakeFiles/CMakeTmp/CheckSymbolExists.c
Linking C executable cmTC_48f08
/usr/bin/cmake -E cmake_link_script CMakeFiles/cmTC_48f08.dir/link.txt --verbose=1
/usr/bin/cc      -rdynamic CMakeFiles/cmTC_48f08.dir/CheckSymbolExists.c.o  -o cmTC_48f08 
CMakeFiles/cmTC_48f08.dir/CheckSymbolExists.c.o: In function `main':
CheckSymbolExists.c:(.text+0x1b): undefined reference to `pthread_create'
collect2: error: ld returned 1 exit status
CMakeFiles/cmTC_48f08.dir/build.make:97: recipe for target 'cmTC_48f08' failed
make[1]: *** [cmTC_48f08] Error 1
make[1]: Leaving directory '/home/marrascout/libsnark/libsnark/build/CMakeFiles/CMakeTmp'
Makefile:126: recipe for target 'cmTC_48f08/fast' failed
make: *** [cmTC_48f08/fast] Error 2

File /home/marrascout/libsnark/libsnark/build/CMakeFiles/CMakeTmp/CheckSymbolExists.c:
/* */
#include <pthread.h>

int main(int argc, char** argv)
{
  (void)argv;
#ifndef pthread_create
  return ((int*)(&pthread_create))[argc];
#else
  (void)argc;
  return 0;
#endif
}

